  compilation object save succeeded; see C:\Users\Liu\source\repos\WinGUI\WinGUI\cso\pShaderTexture.cso
  compilation object save succeeded; see C:\Users\Liu\source\repos\WinGUI\WinGUI\cso\vShaderTexture.cso
  main.cpp
C:\Users\Liu\source\repos\WinGUI\WinGUI\inc\WinGUI.h(54,22): warning C4091: “extern ”: 没有声明变量时忽略“HSLL::WinTask”的左侧
C:\Users\Liu\source\repos\WinGUI\WinGUI\main.cpp(40,16): warning C4244: “初始化”: 从“double”转换到“float”，可能丢失数据
C:\Users\Liu\source\repos\WinGUI\WinGUI\main.cpp(41,17): warning C4244: “初始化”: 从“int”转换到“float”，可能丢失数据
C:\Users\Liu\source\repos\WinGUI\WinGUI\main.cpp(43,95): warning C4244: “参数”: 从“double”转换到“float”，可能丢失数据
C:\Users\Liu\source\repos\WinGUI\WinGUI\main.cpp(53,14): warning C4244: “+=”: 从“double”转换到“float”，可能丢失数据
C:\Users\Liu\source\repos\WinGUI\WinGUI\main.cpp(60,21): warning C4018: “<”: 有符号/无符号不匹配
C:\Users\Liu\source\repos\WinGUI\WinGUI\main.cpp(62,16): warning C4244: “初始化”: 从“double”转换到“float”，可能丢失数据
C:\Users\Liu\source\repos\WinGUI\WinGUI\main.cpp(63,17): warning C4244: “初始化”: 从“int”转换到“float”，可能丢失数据
C:\Users\Liu\source\repos\WinGUI\WinGUI\main.cpp(65,95): warning C4244: “参数”: 从“double”转换到“float”，可能丢失数据
C:\Users\Liu\source\repos\WinGUI\WinGUI\main.cpp(72,31): warning C4838: 从“double”转换到“float”需要收缩转换
C:\Users\Liu\source\repos\WinGUI\WinGUI\main.cpp(72,31): warning C4244: “初始化”: 从“double”转换到“float”，可能丢失数据
C:\Users\Liu\source\repos\WinGUI\WinGUI\main.cpp(72,70): warning C4838: 从“double”转换到“float”需要收缩转换
C:\Users\Liu\source\repos\WinGUI\WinGUI\main.cpp(72,70): warning C4244: “初始化”: 从“double”转换到“float”，可能丢失数据
  Directx.cpp
C:\Users\Liu\source\repos\WinGUI\WinGUI\src\Directx.cpp(160,19): warning C4244: “=”: 从“LONG”转换到“FLOAT”，可能丢失数据
C:\Users\Liu\source\repos\WinGUI\WinGUI\src\Directx.cpp(161,19): warning C4244: “=”: 从“LONG”转换到“FLOAT”，可能丢失数据
C:\Users\Liu\source\repos\WinGUI\WinGUI\src\Directx.cpp(162,13): warning C4244: “=”: 从“DWORD”转换到“FLOAT”，可能丢失数据
C:\Users\Liu\source\repos\WinGUI\WinGUI\src\Directx.cpp(163,14): warning C4244: “=”: 从“DWORD”转换到“FLOAT”，可能丢失数据
  DirectxEnumStruct.cpp
C:\Users\Liu\source\repos\WinGUI\WinGUI\src\DirectxEnumStruct.cpp(71,15): warning C4244: “=”: 从“double”转换到“float”，可能丢失数据
C:\Users\Liu\source\repos\WinGUI\WinGUI\src\DirectxEnumStruct.cpp(72,15): warning C4244: “=”: 从“double”转换到“float”，可能丢失数据
C:\Users\Liu\source\repos\WinGUI\WinGUI\src\DirectxEnumStruct.cpp(108,38): warning C4244: “=”: 从“double”转换到“float”，可能丢失数据
C:\Users\Liu\source\repos\WinGUI\WinGUI\src\DirectxEnumStruct.cpp(110,42): warning C4244: “=”: 从“double”转换到“float”，可能丢失数据
C:\Users\Liu\source\repos\WinGUI\WinGUI\src\DirectxEnumStruct.cpp(117,8): warning C4244: “=”: 从“DWORD”转换到“float”，可能丢失数据
C:\Users\Liu\source\repos\WinGUI\WinGUI\src\DirectxEnumStruct.cpp(119,8): warning C4244: “=”: 从“DWORD”转换到“float”，可能丢失数据
C:\Users\Liu\source\repos\WinGUI\WinGUI\src\DirectxEnumStruct.cpp(125,32): warning C4244: “=”: 从“double”转换到“float”，可能丢失数据
C:\Users\Liu\source\repos\WinGUI\WinGUI\src\DirectxEnumStruct.cpp(133,9): warning C4244: “=”: 从“DWORD”转换到“float”，可能丢失数据
C:\Users\Liu\source\repos\WinGUI\WinGUI\src\DirectxEnumStruct.cpp(141,9): warning C4244: “=”: 从“DWORD”转换到“float”，可能丢失数据
C:\Users\Liu\source\repos\WinGUI\WinGUI\src\DirectxEnumStruct.cpp(156,15): warning C4244: “初始化”: 从“double”转换到“float”，可能丢失数据
C:\Users\Liu\source\repos\WinGUI\WinGUI\src\DirectxEnumStruct.cpp(162,21): warning C4244: “=”: 从“double”转换到“float”，可能丢失数据
C:\Users\Liu\source\repos\WinGUI\WinGUI\src\DirectxEnumStruct.cpp(163,21): warning C4244: “=”: 从“double”转换到“float”，可能丢失数据
C:\Users\Liu\source\repos\WinGUI\WinGUI\src\DirectxEnumStruct.cpp(187,21): warning C4244: “=”: 从“double”转换到“float”，可能丢失数据
C:\Users\Liu\source\repos\WinGUI\WinGUI\src\DirectxEnumStruct.cpp(192,21): warning C4244: “=”: 从“double”转换到“float”，可能丢失数据
C:\Users\Liu\source\repos\WinGUI\WinGUI\src\DirectxEnumStruct.cpp(198,21): warning C4244: “=”: 从“double”转换到“float”，可能丢失数据
C:\Users\Liu\source\repos\WinGUI\WinGUI\src\DirectxEnumStruct.cpp(203,21): warning C4244: “=”: 从“double”转换到“float”，可能丢失数据
C:\Users\Liu\source\repos\WinGUI\WinGUI\src\DirectxEnumStruct.cpp(208,21): warning C4244: “初始化”: 从“double”转换到“float”，可能丢失数据
  LoadResourse.cpp
C:\Users\Liu\source\repos\WinGUI\WinGUI\src\LoadResourse.cpp(61,20): warning C4018: “<”: 有符号/无符号不匹配
C:\Users\Liu\source\repos\WinGUI\WinGUI\src\LoadResourse.cpp(135,20): warning C4018: “<”: 有符号/无符号不匹配
C:\Users\Liu\source\repos\WinGUI\WinGUI\src\LoadResourse.cpp(177,21): warning C4018: “<”: 有符号/无符号不匹配
C:\Users\Liu\source\repos\WinGUI\WinGUI\src\LoadResourse.cpp(218,21): warning C4018: “<”: 有符号/无符号不匹配
C:\Users\Liu\source\repos\WinGUI\WinGUI\src\LoadResourse.cpp(253,20): warning C4018: “<”: 有符号/无符号不匹配
C:\Users\Liu\source\repos\WinGUI\WinGUI\src\LoadResourse.cpp(304,20): warning C4018: “<”: 有符号/无符号不匹配
  WinGUI.cpp
C:\Users\Liu\source\repos\WinGUI\WinGUI\inc\WinGUI.h(54,22): warning C4091: “extern ”: 没有声明变量时忽略“HSLL::WinTask”的左侧
C:\Users\Liu\source\repos\WinGUI\WinGUI\src\WinGUI.cpp(42,21): warning C4244: “初始化”: 从“LRESULT”转换到“HRESULT”，可能丢失数据
C:\Users\Liu\source\repos\WinGUI\WinGUI\src\WinGUI.cpp(51,19): warning C4244: “初始化”: 从“double”转换到“float”，可能丢失数据
C:\Users\Liu\source\repos\WinGUI\WinGUI\src\WinGUI.cpp(52,19): warning C4244: “初始化”: 从“double”转换到“float”，可能丢失数据
C:\Users\Liu\source\repos\WinGUI\WinGUI\src\WinGUI.cpp(53,18): warning C4244: “初始化”: 从“double”转换到“float”，可能丢失数据
C:\Users\Liu\source\repos\WinGUI\WinGUI\src\WinGUI.cpp(54,18): warning C4244: “初始化”: 从“double”转换到“float”，可能丢失数据
C:\Users\Liu\source\repos\WinGUI\WinGUI\src\WinGUI.cpp(184,22): warning C4244: “=”: 从“float”转换到“LONG”，可能丢失数据
C:\Users\Liu\source\repos\WinGUI\WinGUI\src\WinGUI.cpp(185,106): warning C4244: “=”: 从“float”转换到“LONG”，可能丢失数据
C:\Users\Liu\source\repos\WinGUI\WinGUI\src\WinGUI.cpp(191,21): warning C4244: “=”: 从“float”转换到“LONG”，可能丢失数据
C:\Users\Liu\source\repos\WinGUI\WinGUI\src\WinGUI.cpp(199,100): warning C4244: “=”: 从“float”转换到“LONG”，可能丢失数据
C:\Users\Liu\source\repos\WinGUI\WinGUI\src\WinGUI.cpp(262,50): warning C4244: “=”: 从“double”转换到“float”，可能丢失数据
C:\Users\Liu\source\repos\WinGUI\WinGUI\src\WinGUI.cpp(301,36): warning C4838: 从“DWORD”转换到“LONG”需要收缩转换
C:\Users\Liu\source\repos\WinGUI\WinGUI\src\WinGUI.cpp(301,58): warning C4838: 从“DWORD”转换到“LONG”需要收缩转换
C:\Users\Liu\source\repos\WinGUI\WinGUI\src\WinGUI.cpp(306,41): warning C4244: “=”: 从“unsigned long”转换到“float”，可能丢失数据
C:\Users\Liu\source\repos\WinGUI\WinGUI\src\WinGUI.cpp(307,42): warning C4244: “=”: 从“unsigned long”转换到“float”，可能丢失数据
C:\Users\Liu\source\repos\WinGUI\WinGUI\src\WinGUI.cpp(314,128): warning C4244: “参数”: 从“float”转换到“int”，可能丢失数据
C:\Users\Liu\source\repos\WinGUI\WinGUI\src\WinGUI.cpp(314,107): warning C4244: “参数”: 从“float”转换到“int”，可能丢失数据
C:\Users\Liu\source\repos\WinGUI\WinGUI\src\WinGUI.cpp(346,20): warning C4244: “参数”: 从“double”转换到“DWORD”，可能丢失数据
C:\Users\Liu\source\repos\WinGUI\WinGUI\src\WinGUI.cpp(400,19): warning C4244: “=”: 从“LONG”转换到“float”，可能丢失数据
C:\Users\Liu\source\repos\WinGUI\WinGUI\src\WinGUI.cpp(401,19): warning C4244: “=”: 从“LONG”转换到“float”，可能丢失数据
C:\Users\Liu\source\repos\WinGUI\WinGUI\src\WinGUI.cpp(443,33): warning C4267: “初始化”: 从“size_t”转换到“WORD”，可能丢失数据
C:\Users\Liu\source\repos\WinGUI\WinGUI\src\WinGUI.cpp(558,25): warning C4244: “参数”: 从“float”转换到“int”，可能丢失数据
C:\Users\Liu\source\repos\WinGUI\WinGUI\src\WinGUI.cpp(558,19): warning C4244: “参数”: 从“float”转换到“int”，可能丢失数据
C:\Users\Liu\source\repos\WinGUI\WinGUI\src\WinGUI.cpp(564,25): warning C4244: “参数”: 从“float”转换到“int”，可能丢失数据
C:\Users\Liu\source\repos\WinGUI\WinGUI\src\WinGUI.cpp(564,19): warning C4244: “参数”: 从“float”转换到“int”，可能丢失数据
C:\Users\Liu\source\repos\WinGUI\WinGUI\src\WinGUI.cpp(570,25): warning C4244: “参数”: 从“float”转换到“int”，可能丢失数据
C:\Users\Liu\source\repos\WinGUI\WinGUI\src\WinGUI.cpp(570,19): warning C4244: “参数”: 从“float”转换到“int”，可能丢失数据
C:\Users\Liu\source\repos\WinGUI\WinGUI\src\WinGUI.cpp(593,28): warning C4244: “=”: 从“double”转换到“float”，可能丢失数据
C:\Users\Liu\source\repos\WinGUI\WinGUI\src\WinGUI.cpp(756,45): warning C4244: “参数”: 从“float”转换到“int”，可能丢失数据
C:\Users\Liu\source\repos\WinGUI\WinGUI\src\WinGUI.cpp(756,39): warning C4244: “参数”: 从“float”转换到“int”，可能丢失数据
  正在生成代码...
  libpng.lib(pngread.obj) : 找到 MSIL .netmodule 或使用 /GL 编译的模块；正在使用 /LTCG 重新启动链接；将 /LTCG 添加到链接命令行以改进链接器性能
LINK : warning LNK4075: 忽略“/INCREMENTAL”(由于“/LTCG”规范)
LINK : warning LNK4098: 默认库“LIBCMT”与其他库的使用冲突；请使用 /NODEFAULTLIB:library
LINK : warning LNK4098: 默认库“MSVCRT”与其他库的使用冲突；请使用 /NODEFAULTLIB:library
  正在生成代码
  已完成代码的生成
libpng.lib(pngread.obj) : warning LNK4099: 未找到 PDB“”(使用“libpng.lib(pngread.obj)”或在“”中寻找)；正在链接对象，如同没有调试信息一样
libpng.lib(png.obj) : warning LNK4099: 未找到 PDB“”(使用“libpng.lib(png.obj)”或在“”中寻找)；正在链接对象，如同没有调试信息一样
libpng.lib(pngrtran.obj) : warning LNK4099: 未找到 PDB“”(使用“libpng.lib(pngrtran.obj)”或在“”中寻找)；正在链接对象，如同没有调试信息一样
libpng.lib(pngtrans.obj) : warning LNK4099: 未找到 PDB“”(使用“libpng.lib(pngtrans.obj)”或在“”中寻找)；正在链接对象，如同没有调试信息一样
libpng.lib(pngrio.obj) : warning LNK4099: 未找到 PDB“”(使用“libpng.lib(pngrio.obj)”或在“”中寻找)；正在链接对象，如同没有调试信息一样
libpng.lib(pngerror.obj) : warning LNK4099: 未找到 PDB“”(使用“libpng.lib(pngerror.obj)”或在“”中寻找)；正在链接对象，如同没有调试信息一样
libpng.lib(pngget.obj) : warning LNK4099: 未找到 PDB“”(使用“libpng.lib(pngget.obj)”或在“”中寻找)；正在链接对象，如同没有调试信息一样
libpng.lib(pngrutil.obj) : warning LNK4099: 未找到 PDB“”(使用“libpng.lib(pngrutil.obj)”或在“”中寻找)；正在链接对象，如同没有调试信息一样
libpng.lib(pngmem.obj) : warning LNK4099: 未找到 PDB“”(使用“libpng.lib(pngmem.obj)”或在“”中寻找)；正在链接对象，如同没有调试信息一样
libpng.lib(pngset.obj) : warning LNK4099: 未找到 PDB“”(使用“libpng.lib(pngset.obj)”或在“”中寻找)；正在链接对象，如同没有调试信息一样
libpng.lib(pngwrite.obj) : warning LNK4099: 未找到 PDB“”(使用“libpng.lib(pngwrite.obj)”或在“”中寻找)；正在链接对象，如同没有调试信息一样
libpng.lib(pngwutil.obj) : warning LNK4099: 未找到 PDB“”(使用“libpng.lib(pngwutil.obj)”或在“”中寻找)；正在链接对象，如同没有调试信息一样
libpng.lib(pngwio.obj) : warning LNK4099: 未找到 PDB“”(使用“libpng.lib(pngwio.obj)”或在“”中寻找)；正在链接对象，如同没有调试信息一样
libpng.lib(pngwtran.obj) : warning LNK4099: 未找到 PDB“”(使用“libpng.lib(pngwtran.obj)”或在“”中寻找)；正在链接对象，如同没有调试信息一样
  WinGUI.vcxproj -> C:\Users\Liu\source\repos\WinGUI\x64\Debug\WinGUI.exe
